<?xml version="1.0" encoding="UTF-8"?>
<!-- Generated by org.testng.reporters.JUnitReportReporter -->
<testsuite hostname="ASCINLAP60757" failures="0" tests="2" name="TC.TC_TestNG" time="64.901" errors="0" timestamp="2024-10-24T16:29:12 IST" skipped="0">
  <testcase classname="TC.TC_TestNG" name="f" time="30.640"/>
  <system-out/>
  <testcase classname="TC.TC_TestNG" name="f" time="34.261"/>
  <system-out/>
</testsuite> <!-- TC.TC_TestNG -->
